  Snake.cpp
C:\Users\Tomasz\source\repos\SnakeGame\SnakeGame\Snake.cpp(123,12): warning C4244: 'initializing': conversion from 'T' to 'int', possible loss of data
          with
          [
              T=float
          ]
C:\Users\Tomasz\source\repos\SnakeGame\SnakeGame\Snake.cpp(124,12): warning C4244: 'initializing': conversion from 'T' to 'int', possible loss of data
          with
          [
              T=float
          ]
C:\Users\Tomasz\source\repos\SnakeGame\SnakeGame\Snake.cpp(206,20): warning C4018: '<': signed/unsigned mismatch
C:\Users\Tomasz\source\repos\SnakeGame\SnakeGame\Snake.cpp(353,88): warning C4244: 'argument': conversion from 'T' to 'int', possible loss of data
          with
          [
              T=float
          ]
C:\Users\Tomasz\source\repos\SnakeGame\SnakeGame\Snake.cpp(353,57): warning C4244: 'argument': conversion from 'T' to 'int', possible loss of data
          with
          [
              T=float
          ]
C:\Users\Tomasz\source\repos\SnakeGame\SnakeGame\Snake.cpp(356,90): warning C4244: 'argument': conversion from 'T' to 'int', possible loss of data
          with
          [
              T=float
          ]
C:\Users\Tomasz\source\repos\SnakeGame\SnakeGame\Snake.cpp(356,60): warning C4244: 'argument': conversion from 'T' to 'int', possible loss of data
          with
          [
              T=float
          ]
C:\Users\Tomasz\source\repos\SnakeGame\SnakeGame\Snake.cpp(359,88): warning C4244: 'argument': conversion from 'T' to 'int', possible loss of data
          with
          [
              T=float
          ]
C:\Users\Tomasz\source\repos\SnakeGame\SnakeGame\Snake.cpp(359,57): warning C4244: 'argument': conversion from 'T' to 'int', possible loss of data
          with
          [
              T=float
          ]
C:\Users\Tomasz\source\repos\SnakeGame\SnakeGame\Snake.cpp(362,90): warning C4244: 'argument': conversion from 'T' to 'int', possible loss of data
          with
          [
              T=float
          ]
C:\Users\Tomasz\source\repos\SnakeGame\SnakeGame\Snake.cpp(362,60): warning C4244: 'argument': conversion from 'T' to 'int', possible loss of data
          with
          [
              T=float
          ]
C:\Users\Tomasz\source\repos\SnakeGame\SnakeGame\Snake.cpp(367,20): warning C4018: '<': signed/unsigned mismatch
  SnakeGame.vcxproj -> C:\Users\Tomasz\source\repos\SnakeGame\Debug\SnakeGame.exe
