  Board.cpp
  Buff.cpp
  Button.cpp
C:\Users\Tomasz\source\repos\Snake\SnakeGame\Button.cpp(33,15): warning C4244: 'initializing': conversion from 'T' to 'float', possible loss of data
          with
          [
              T=int
          ]
C:\Users\Tomasz\source\repos\Snake\SnakeGame\Button.cpp(34,15): warning C4244: 'initializing': conversion from 'T' to 'float', possible loss of data
          with
          [
              T=int
          ]
  Food.cpp
C:\Users\Tomasz\source\repos\Snake\SnakeGame\Food.cpp(6,12): warning C4244: 'argument': conversion from 'time_t' to 'unsigned int', possible loss of data
C:\Users\Tomasz\source\repos\Snake\SnakeGame\Food.cpp(16,30): warning C4244: 'argument': conversion from 'int' to 'float', possible loss of data
C:\Users\Tomasz\source\repos\Snake\SnakeGame\Food.cpp(16,27): warning C4244: 'argument': conversion from 'int' to 'float', possible loss of data
C:\Users\Tomasz\source\repos\Snake\SnakeGame\Food.cpp(21,12): warning C4244: 'argument': conversion from 'time_t' to 'unsigned int', possible loss of data
C:\Users\Tomasz\source\repos\Snake\SnakeGame\Food.cpp(31,29): warning C4244: 'argument': conversion from 'int' to 'float', possible loss of data
C:\Users\Tomasz\source\repos\Snake\SnakeGame\Food.cpp(31,27): warning C4244: 'argument': conversion from 'int' to 'float', possible loss of data
  Main.cpp
  Block.cpp
C:\Users\Tomasz\source\repos\Snake\SnakeGame\Block.cpp(7,30): warning C4244: 'argument': conversion from 'int' to 'float', possible loss of data
C:\Users\Tomasz\source\repos\Snake\SnakeGame\Block.cpp(7,27): warning C4244: 'argument': conversion from 'int' to 'float', possible loss of data
  Menu.cpp
C:\Users\Tomasz\source\repos\Snake\SnakeGame\Menu.cpp(89,38): warning C4305: 'argument': truncation from 'double' to 'float'
C:\Users\Tomasz\source\repos\Snake\SnakeGame\Menu.cpp(94,39): warning C4305: 'argument': truncation from 'double' to 'float'
C:\Users\Tomasz\source\repos\Snake\SnakeGame\Menu.cpp(99,38): warning C4305: 'argument': truncation from 'double' to 'float'
  Missle.cpp
C:\Users\Tomasz\source\repos\Snake\SnakeGame\Missle.cpp(5,29): warning C4244: 'argument': conversion from 'int' to 'float', possible loss of data
C:\Users\Tomasz\source\repos\Snake\SnakeGame\Missle.cpp(5,27): warning C4244: 'argument': conversion from 'int' to 'float', possible loss of data
  PvP.cpp
C:\Users\Tomasz\source\repos\Snake\SnakeGame\PvP.cpp(8,12): warning C4244: 'argument': conversion from 'time_t' to 'unsigned int', possible loss of data
C:\Users\Tomasz\source\repos\Snake\SnakeGame\PvP.cpp(453,92): warning C4244: 'argument': conversion from 'T' to 'int', possible loss of data
          with
          [
              T=float
          ]
C:\Users\Tomasz\source\repos\Snake\SnakeGame\PvP.cpp(453,83): warning C4244: 'argument': conversion from 'T' to 'int', possible loss of data
          with
          [
              T=float
          ]
C:\Users\Tomasz\source\repos\Snake\SnakeGame\PvP.cpp(455,92): warning C4244: 'argument': conversion from 'T' to 'int', possible loss of data
          with
          [
              T=float
          ]
C:\Users\Tomasz\source\repos\Snake\SnakeGame\PvP.cpp(455,83): warning C4244: 'argument': conversion from 'T' to 'int', possible loss of data
          with
          [
              T=float
          ]
C:\Users\Tomasz\source\repos\Snake\SnakeGame\PvP.cpp(486,68): warning C4244: 'argument': conversion from 'T' to 'int', possible loss of data
          with
          [
              T=float
          ]
C:\Users\Tomasz\source\repos\Snake\SnakeGame\PvP.cpp(486,44): warning C4244: 'argument': conversion from 'T' to 'int', possible loss of data
          with
          [
              T=float
          ]
C:\Users\Tomasz\source\repos\Snake\SnakeGame\PvP.cpp(487,44): warning C4244: 'argument': conversion from 'T' to 'int', possible loss of data
          with
          [
              T=float
          ]
C:\Users\Tomasz\source\repos\Snake\SnakeGame\PvP.cpp(487,32): warning C4244: 'argument': conversion from 'T' to 'int', possible loss of data
          with
          [
              T=float
          ]
C:\Users\Tomasz\source\repos\Snake\SnakeGame\PvP.cpp(513,28): warning C4305: '=': truncation from 'double' to 'float'
C:\Users\Tomasz\source\repos\Snake\SnakeGame\PvP.cpp(549,92): warning C4244: 'argument': conversion from 'T' to 'int', possible loss of data
          with
          [
              T=float
          ]
C:\Users\Tomasz\source\repos\Snake\SnakeGame\PvP.cpp(549,83): warning C4244: 'argument': conversion from 'T' to 'int', possible loss of data
          with
          [
              T=float
          ]
C:\Users\Tomasz\source\repos\Snake\SnakeGame\PvP.cpp(551,92): warning C4244: 'argument': conversion from 'T' to 'int', possible loss of data
          with
          [
              T=float
          ]
C:\Users\Tomasz\source\repos\Snake\SnakeGame\PvP.cpp(551,83): warning C4244: 'argument': conversion from 'T' to 'int', possible loss of data
          with
          [
              T=float
          ]
C:\Users\Tomasz\source\repos\Snake\SnakeGame\PvP.cpp(582,68): warning C4244: 'argument': conversion from 'T' to 'int', possible loss of data
          with
          [
              T=float
          ]
C:\Users\Tomasz\source\repos\Snake\SnakeGame\PvP.cpp(582,44): warning C4244: 'argument': conversion from 'T' to 'int', possible loss of data
          with
          [
              T=float
          ]
C:\Users\Tomasz\source\repos\Snake\SnakeGame\PvP.cpp(583,44): warning C4244: 'argument': conversion from 'T' to 'int', possible loss of data
          with
          [
              T=float
          ]
C:\Users\Tomasz\source\repos\Snake\SnakeGame\PvP.cpp(583,32): warning C4244: 'argument': conversion from 'T' to 'int', possible loss of data
          with
          [
              T=float
          ]
C:\Users\Tomasz\source\repos\Snake\SnakeGame\PvP.cpp(609,28): warning C4305: '=': truncation from 'double' to 'float'
C:\Users\Tomasz\source\repos\Snake\SnakeGame\PvP.cpp(734,28): warning C4244: '=': conversion from 'int' to 'T', possible loss of data
          with
          [
              T=float
          ]
C:\Users\Tomasz\source\repos\Snake\SnakeGame\PvP.cpp(741,28): warning C4244: '=': conversion from 'int' to 'T', possible loss of data
          with
          [
              T=float
          ]
  ResourceHolder.cpp
  Segment.cpp
C:\Users\Tomasz\source\repos\Snake\SnakeGame\Segment.cpp(11,30): warning C4244: 'argument': conversion from 'int' to 'float', possible loss of data
C:\Users\Tomasz\source\repos\Snake\SnakeGame\Segment.cpp(11,27): warning C4244: 'argument': conversion from 'int' to 'float', possible loss of data
  SinglePlayer.cpp
  Snake.cpp
C:\Users\Tomasz\source\repos\Snake\SnakeGame\Snake.cpp(137,12): warning C4244: 'initializing': conversion from 'T' to 'int', possible loss of data
          with
          [
              T=float
          ]
C:\Users\Tomasz\source\repos\Snake\SnakeGame\Snake.cpp(138,12): warning C4244: 'initializing': conversion from 'T' to 'int', possible loss of data
          with
          [
              T=float
          ]
C:\Users\Tomasz\source\repos\Snake\SnakeGame\Snake.cpp(159,2): warning C4267: 'initializing': conversion from 'size_t' to 'int', possible loss of data
C:\Users\Tomasz\source\repos\Snake\SnakeGame\Snake.cpp(165,2): warning C4267: 'initializing': conversion from 'size_t' to 'int', possible loss of data
C:\Users\Tomasz\source\repos\Snake\SnakeGame\Snake.cpp(487,88): warning C4244: 'argument': conversion from 'T' to 'int', possible loss of data
          with
          [
              T=float
          ]
C:\Users\Tomasz\source\repos\Snake\SnakeGame\Snake.cpp(487,57): warning C4244: 'argument': conversion from 'T' to 'int', possible loss of data
          with
          [
              T=float
          ]
C:\Users\Tomasz\source\repos\Snake\SnakeGame\Snake.cpp(488,95): warning C4244: 'argument': conversion from 'T' to 'int', possible loss of data
          with
          [
              T=float
          ]
C:\Users\Tomasz\source\repos\Snake\SnakeGame\Snake.cpp(488,57): warning C4244: 'argument': conversion from 'T' to 'int', possible loss of data
          with
          [
              T=float
          ]
C:\Users\Tomasz\source\repos\Snake\SnakeGame\Snake.cpp(491,90): warning C4244: 'argument': conversion from 'T' to 'int', possible loss of data
          with
          [
              T=float
          ]
C:\Users\Tomasz\source\repos\Snake\SnakeGame\Snake.cpp(491,60): warning C4244: 'argument': conversion from 'T' to 'int', possible loss of data
          with
          [
              T=float
          ]
C:\Users\Tomasz\source\repos\Snake\SnakeGame\Snake.cpp(492,97): warning C4244: 'argument': conversion from 'T' to 'int', possible loss of data
          with
          [
              T=float
          ]
C:\Users\Tomasz\source\repos\Snake\SnakeGame\Snake.cpp(492,60): warning C4244: 'argument': conversion from 'T' to 'int', possible loss of data
          with
          [
              T=float
          ]
C:\Users\Tomasz\source\repos\Snake\SnakeGame\Snake.cpp(495,88): warning C4244: 'argument': conversion from 'T' to 'int', possible loss of data
          with
          [
              T=float
          ]
C:\Users\Tomasz\source\repos\Snake\SnakeGame\Snake.cpp(495,57): warning C4244: 'argument': conversion from 'T' to 'int', possible loss of data
          with
          [
              T=float
          ]
C:\Users\Tomasz\source\repos\Snake\SnakeGame\Snake.cpp(496,95): warning C4244: 'argument': conversion from 'T' to 'int', possible loss of data
          with
          [
              T=float
          ]
C:\Users\Tomasz\source\repos\Snake\SnakeGame\Snake.cpp(496,57): warning C4244: 'argument': conversion from 'T' to 'int', possible loss of data
          with
          [
              T=float
          ]
C:\Users\Tomasz\source\repos\Snake\SnakeGame\Snake.cpp(499,90): warning C4244: 'argument': conversion from 'T' to 'int', possible loss of data
          with
          [
              T=float
          ]
C:\Users\Tomasz\source\repos\Snake\SnakeGame\Snake.cpp(499,60): warning C4244: 'argument': conversion from 'T' to 'int', possible loss of data
          with
          [
              T=float
          ]
C:\Users\Tomasz\source\repos\Snake\SnakeGame\Snake.cpp(500,97): warning C4244: 'argument': conversion from 'T' to 'int', possible loss of data
          with
          [
              T=float
          ]
C:\Users\Tomasz\source\repos\Snake\SnakeGame\Snake.cpp(500,60): warning C4244: 'argument': conversion from 'T' to 'int', possible loss of data
          with
          [
              T=float
          ]
  Generating Code...
C:\Users\Tomasz\source\repos\Snake\SnakeGame\Segment.cpp(52): warning C4715: 'Segment::dirToString': not all control paths return a value
C:\Users\Tomasz\source\repos\Snake\SnakeGame\PvP.cpp(725): warning C4715: 'PvP::randomizeBuff': not all control paths return a value
  SnakeGame.vcxproj -> C:\Users\Tomasz\Source\Repos\Snake\x64\Debug\SnakeGame.exe
